{
  "stats": {
    "suites": 1,
    "tests": 2,
    "passes": 2,
    "pending": 0,
    "failures": 0,
    "start": "2025-09-18T05:57:56.846Z",
    "end": "2025-09-18T05:58:12.927Z",
    "duration": 16081,
    "testsRegistered": 2,
    "passPercent": 100,
    "pendingPercent": 0,
    "other": 0,
    "hasOther": false,
    "skipped": 0,
    "hasSkipped": false
  },
  "results": [
    {
      "uuid": "4f033c14-088c-40a9-899b-a750717ce9a7",
      "title": "",
      "fullFile": "cypress\\e2e\\mocha-report.cy.js",
      "file": "cypress\\e2e\\mocha-report.cy.js",
      "beforeHooks": [],
      "afterHooks": [],
      "tests": [],
      "suites": [
        {
          "uuid": "34e840f1-0bf4-4ea8-9eef-486b9750bd40",
          "title": "OrangeHRM Login Tests",
          "fullFile": "",
          "file": "",
          "beforeHooks": [],
          "afterHooks": [],
          "tests": [
            {
              "title": "successful login with valid credentials",
              "fullTitle": "OrangeHRM Login Tests successful login with valid credentials",
              "timedOut": null,
              "duration": 10597,
              "state": "passed",
              "speed": "slow",
              "pass": true,
              "fail": false,
              "pending": false,
              "context": null,
              "code": "cy.visit('/web/index.php/auth/login');\ncy.get('input[name=\"username\"]').type('Admin');\ncy.get('input[name=\"password\"]').type('admin123');\ncy.get('button[type=\"submit\"]').click();\ncy.url().should('include', '/dashboard');\ncy.get('.oxd-topbar-header-title').should('contain', 'Dashboard');",
              "err": {},
              "uuid": "9ef6d364-e1a1-403c-9acd-9f90c956856c",
              "parentUUID": "34e840f1-0bf4-4ea8-9eef-486b9750bd40",
              "isHook": false,
              "skipped": false
            },
            {
              "title": "failed login with invalid credentials",
              "fullTitle": "OrangeHRM Login Tests failed login with invalid credentials",
              "timedOut": null,
              "duration": 5173,
              "state": "passed",
              "speed": "medium",
              "pass": true,
              "fail": false,
              "pending": false,
              "context": null,
              "code": "cy.visit('/web/index.php/auth/login');\ncy.get('input[name=\"username\"]').type('InvalidUser');\ncy.get('input[name=\"password\"]').type('InvalidPass');\ncy.get('button[type=\"submit\"]').click();\ncy.get('.oxd-alert-content').should('be.visible');",
              "err": {},
              "uuid": "70ca3911-46f5-41bd-b851-945698fb39f9",
              "parentUUID": "34e840f1-0bf4-4ea8-9eef-486b9750bd40",
              "isHook": false,
              "skipped": false
            }
          ],
          "suites": [],
          "passes": [
            "9ef6d364-e1a1-403c-9acd-9f90c956856c",
            "70ca3911-46f5-41bd-b851-945698fb39f9"
          ],
          "failures": [],
          "pending": [],
          "skipped": [],
          "duration": 15770,
          "root": false,
          "rootEmpty": false,
          "_timeout": 2000
        }
      ],
      "passes": [],
      "failures": [],
      "pending": [],
      "skipped": [],
      "duration": 0,
      "root": true,
      "rootEmpty": true,
      "_timeout": 2000
    }
  ],
  "meta": {
    "mocha": {
      "version": "7.2.0"
    },
    "mochawesome": {
      "options": {
        "quiet": false,
        "reportFilename": "mochawesome",
        "saveHtml": true,
        "saveJson": true,
        "consoleReporter": "spec",
        "useInlineDiffs": false,
        "code": true
      },
      "version": "7.1.4"
    },
    "marge": {
      "options": {
        "reportDir": "cypress/reports",
        "overwrite": false,
        "html": true,
        "json": true,
        "charts": true,
        "reportPageTitle": "OrangeHRM Test Report",
        "inlineAssets": true
      },
      "version": "6.3.0"
    }
  }
}