{
  "stats": {
    "suites": 1,
    "tests": 1,
    "passes": 1,
    "pending": 0,
    "failures": 0,
    "start": "2025-09-18T09:22:12.629Z",
    "end": "2025-09-18T09:22:23.365Z",
    "duration": 10736,
    "testsRegistered": 1,
    "passPercent": 100,
    "pendingPercent": 0,
    "other": 0,
    "hasOther": false,
    "skipped": 0,
    "hasSkipped": false
  },
  "results": [
    {
      "uuid": "644cee4f-d56f-422a-8670-95df319654e0",
      "title": "",
      "fullFile": "cypress\\e2e\\both\\videos.cy.js",
      "file": "cypress\\e2e\\both\\videos.cy.js",
      "beforeHooks": [],
      "afterHooks": [],
      "tests": [],
      "suites": [
        {
          "uuid": "2ae8af65-4595-421e-af65-266b29be1bd8",
          "title": "OrangeHRM Video Examples",
          "fullFile": "",
          "file": "",
          "beforeHooks": [],
          "afterHooks": [],
          "tests": [
            {
              "title": "completes a full user journey",
              "fullTitle": "OrangeHRM Video Examples completes a full user journey",
              "timedOut": null,
              "duration": 10662,
              "state": "passed",
              "speed": "slow",
              "pass": true,
              "fail": false,
              "pending": false,
              "context": null,
              "code": "cy.visit('/web/index.php/auth/login');\ncy.get('input[name=\"username\"]').type('Admin');\ncy.get('input[name=\"password\"]').type('admin123');\ncy.get('button[type=\"submit\"]').click();\ncy.url().should('include', '/dashboard');\ncy.get('.oxd-sidepanel').contains('Admin').click();\ncy.url().should('include', '/admin/viewSystemUsers');\ncy.get('.oxd-sidepanel').contains('PIM').click();\ncy.url().should('include', '/pim/viewEmployeeList');",
              "err": {},
              "uuid": "38447e4a-1839-40a7-a4ae-f529ee1b6cf2",
              "parentUUID": "2ae8af65-4595-421e-af65-266b29be1bd8",
              "isHook": false,
              "skipped": false
            }
          ],
          "suites": [],
          "passes": [
            "38447e4a-1839-40a7-a4ae-f529ee1b6cf2"
          ],
          "failures": [],
          "pending": [],
          "skipped": [],
          "duration": 10662,
          "root": false,
          "rootEmpty": false,
          "_timeout": 2000
        }
      ],
      "passes": [],
      "failures": [],
      "pending": [],
      "skipped": [],
      "duration": 0,
      "root": true,
      "rootEmpty": true,
      "_timeout": 2000
    }
  ],
  "meta": {
    "mocha": {
      "version": "7.2.0"
    },
    "mochawesome": {
      "options": {
        "quiet": false,
        "reportFilename": "mochawesome",
        "saveHtml": true,
        "saveJson": true,
        "consoleReporter": "spec",
        "useInlineDiffs": false,
        "code": true
      },
      "version": "7.1.4"
    },
    "marge": {
      "options": {
        "reportDir": "cypress/reports",
        "overwrite": false,
        "html": true,
        "json": true,
        "charts": true,
        "reportPageTitle": "OrangeHRM Test Report",
        "inlineAssets": true
      },
      "version": "6.3.0"
    }
  }
}